# Server version 0.08 running on LAPTOP-BH7OU201.wireless.concordia.ca:8123
# Game ID: 11
# Board class: pentago_swap.PentagoBoard
# Timeout: 2000
# First Move Timeout: 30000
# Date: Sun Apr 07 16:25:15 EDT 2019
# Player 1: Player-0, 'Human', running on LAPTOP-BH7OU201.wireless.concordia.ca
# Player 2: Player-1, 'Human', running on LAPTOP-BH7OU201.wireless.concordia.ca
START Player-0 Human
START Player-1 Human
0 0 BR TR 0
3 3 BL TR 1
3 0 BL TL 0
0 3 TR BR 1
1 1 TR BR 0
2 3 TR BR 1
3 2 TL BL 0
2 3 TR BR 1
1 3 TR BR 0
0 1 TL TR 1
GAMEOVER DISCONNECTION Player-1 WINNER 0
