# Server version 0.08 running on LAPTOP-BH7OU201:8123
# Game ID: 21
# Board class: pentago_swap.PentagoBoard
# Timeout: 2000
# First Move Timeout: 30000
# Date: Wed Apr 10 19:11:18 EDT 2019
# Player 1: Player-0, '260719721', running on LAPTOP-BH7OU201
# Player 2: Player-1, 'Human', running on LAPTOP-BH7OU201
START Player-0 260719721
START Player-1 Human
4 4 TL BR 0
1 2 BL TL 1
4 4 TL BR 0
3 3 BR TL 1
0 1 TL TR 0
3 1 TR BR 1
0 0 TL TR 0
2 4 TR BR 1
0 0 TL TR 0
1 1 BR TL 1
0 1 TL TR 0
2 2 TR BR 1
0 1 TL TR 0
2 2 TR BR 1
0 2 TL TR 0
1 1 BR TR 1
2 2 TL TR 0
0 2 BR TR 1
1 0 TL TR 0
2 3 BR TR 1
0 5 TL TR 0
4 5 TL BL 1
GAMEOVER WINNER 0
# Game ended: Wed Apr 10 19:15:51 EDT 2019
