# Server version 0.08 running on LAPTOP-BH7OU201:8123
# Game ID: 17
# Board class: pentago_swap.PentagoBoard
# Timeout: 2000
# First Move Timeout: 30000
# Date: Wed Apr 10 19:08:27 EDT 2019
# Player 1: Player-0, '260719721', running on LAPTOP-BH7OU201
# Player 2: Player-1, 'RandomPlayer', running on LAPTOP-BH7OU201
START Player-0 260719721
START Player-1 RandomPlayer
4 4 TL BR 0
0 1 TR BR 1
4 4 TL BR 0
3 1 TL TR 1
0 0 TL TR 0
1 5 BL BR 1
0 0 TL TR 0
3 5 TL BL 1
0 0 TL TR 0
5 4 BL BR 1
0 1 TL TR 0
3 5 TL TR 1
0 2 TL TR 0
1 5 BL BR 1
0 2 TL TR 0
5 2 TR BR 1
2 2 TL BR 0
1 5 TL BR 1
GAMEOVER WINNER 0
# Game ended: Wed Apr 10 19:08:27 EDT 2019
