# Server version 0.08 running on LAPTOP-BH7OU201:8123
# Game ID: 25
# Board class: pentago_swap.PentagoBoard
# Timeout: 2000
# First Move Timeout: 30000
# Date: Wed Apr 10 19:31:23 EDT 2019
# Player 1: Player-0, 'RandomPlayer', running on LAPTOP-BH7OU201
# Player 2: Player-1, '260719721', running on LAPTOP-BH7OU201
START Player-0 RandomPlayer
START Player-1 260719721
5 2 TR BR 0
4 4 TL BR 1
0 3 TL TR 0
4 4 TL BR 1
4 0 BL BR 0
0 0 TL TR 1
2 1 TL BL 0
0 1 TL TR 1
5 2 BL BR 0
0 1 TL TR 1
2 1 TL TR 0
1 0 TL TR 1
0 2 BL BR 0
0 5 TL TR 1
4 5 TR BR 0
1 4 TL TR 1
2 1 TL BR 0
1 0 TL TR 1
4 2 TR BR 0
GAMEOVER WINNER 0
# Game ended: Wed Apr 10 19:31:26 EDT 2019
