# Server version 0.08 running on 192.168.2.14:8123
# Game ID: 3
# Board class: pentago_swap.PentagoBoard
# Timeout: 2000
# First Move Timeout: 30000
# Date: Thu Apr 04 13:57:21 EDT 2019
# Player 1: Player-0, 'Human', running on 192.168.2.14
# Player 2: Player-1, 'xxxxxxxxx', running on 192.168.2.14
START Player-0 Human
START Player-1 xxxxxxxxx
1 3 TR BL 0
0 1 TR BR 1
3 3 BR TL 0
3 1 TL TR 1
2 3 TR BL 0
1 5 BL BR 1
2 3 TL BL 0
3 5 TL BL 1
4 3 TL BL 0
GAMEOVER WINNER 0
# Game ended: Thu Apr 04 13:57:48 EDT 2019
