# Server version 0.08 running on LAPTOP-BH7OU201:8123
# Game ID: 22
# Board class: pentago_swap.PentagoBoard
# Timeout: 2000
# First Move Timeout: 30000
# Date: Wed Apr 10 19:16:10 EDT 2019
# Player 1: Player-0, 'Human', running on LAPTOP-BH7OU201
# Player 2: Player-1, '260719721', running on LAPTOP-BH7OU201
START Player-0 Human
START Player-1 260719721
1 1 TR BR 0
4 4 TL BR 1
3 3 TR BR 0
4 4 TL BR 1
4 1 TR BR 0
0 0 TL TR 1
5 2 TR BR 0
0 0 TL TR 1
3 0 TR BR 0
0 1 TL TR 1
2 2 TL TR 0
0 2 TL TR 1
2 1 TR BR 0
0 1 TL BL 1
GAMEOVER WINNER 0
# Game ended: Wed Apr 10 19:17:10 EDT 2019
