# Server version 0.08 running on 192.168.2.14:8123
# Game ID: 2
# Board class: pentago_swap.PentagoBoard
# Timeout: 2000
# First Move Timeout: 30000
# Date: Thu Apr 04 13:52:50 EDT 2019
# Starting at move 12
# Player 1: Player-0, 'Human', running on 192.168.2.14
# Player 2: Player-1, 'Human', running on 192.168.2.14
START Player-0 Human
START Player-1 Human
0 2 TR BL 0
4 1 BR TL 1
1 4 TL BR 0
4 4 BR TL 1
1 3 BL TR 0
1 3 TL BL 1
4 2 TR BR 0
5 4 BR TR 1
3 1 BL TR 0
2 4 BL TR 1
2 3 BL BR 0
GAMEOVER USER CANCEL UNDECIDED
# Game ended: Thu Apr 04 13:52:53 EDT 2019
